===========> Running api in dev mode
WARNING: JWT key length (78) is below recommended length (128). Consider using a stronger key for enhanced security.
===========================================
  Sentinel-X API Server
===========================================
Version: v0.0.0-master+$Format:%h$
HTTP: :8100 (adapter: gin)
gRPC: :8103
-------------------------------------------
Configuration:
  Logger: level=INFO, format=json
-------------------------------------------
Middleware:
  - Recovery
  - RequestID
  - Logger
  - Health
  - Metrics
-------------------------------------------
Endpoints:
  Health: http://localhost:8100/health
  Liveness: http://localhost:8100/live
  Readiness: http://localhost:8100/ready
  Metrics: http://localhost:8100/metrics
-------------------------------------------
Press Ctrl+C to gracefully shutdown

{"timestamp":"2026-01-05T16:53:37.995533274+08:00","level":"info","message":"Starting API service...","service.name":"sentinel-api","service.version":"v0.0.0-master+$Format:%h$","engine":"slog","caller":"api/server.go:62"}
{"timestamp":"2026-01-05T16:53:37.996008856+08:00","level":"info","message":"Handlers initialized","service.name":"sentinel-api","service.version":"v0.0.0-master+$Format:%h$","engine":"slog","caller":"api/server.go:70"}
{"timestamp":"2026-01-05T16:53:37.996064654+08:00","level":"info","message":"HTTP routes registered","service.name":"sentinel-api","service.version":"v0.0.0-master+$Format:%h$","engine":"slog","caller":"api/server.go:98"}
{"timestamp":"2026-01-05T16:53:37.996072851+08:00","level":"info","message":"Swagger UI available at: http://localhost:8100/swagger/index.html","service.name":"sentinel-api","service.version":"v0.0.0-master+$Format:%h$","engine":"slog","caller":"api/server.go:99"}
{"timestamp":"2026-01-05T16:53:37.996079039+08:00","level":"info","message":"gRPC services registered (placeholder)","service.name":"sentinel-api","service.version":"v0.0.0-master+$Format:%h$","engine":"slog","caller":"api/server.go:104"}
{"timestamp":"2026-01-05T16:53:37.996084958+08:00","level":"info","message":"API service is ready","service.name":"sentinel-api","service.version":"v0.0.0-master+$Format:%h$","engine":"slog","caller":"api/server.go:107"}
{"timestamp":"2026-01-05T16:53:37.996106545+08:00","level":"info","message":"HTTP server started","service.name":"sentinel-api","service.version":"v0.0.0-master+$Format:%h$","engine":"slog","addr":":8100","caller":"server/server.go:164"}
{"timestamp":"2026-01-05T16:53:37.996533483+08:00","level":"info","message":"gRPC server started","service.name":"sentinel-api","service.version":"v0.0.0-master+$Format:%h$","engine":"slog","addr":":8103","caller":"server/server.go:175"}
